<?xml version="1.0" encoding="UTF-8"?>
<coverage generated="1762983723580" clover="3.2.0">
  <project timestamp="1762983723580" name="All files">
    <metrics statements="5" coveredstatements="4" conditionals="4" coveredconditionals="3" methods="2" coveredmethods="2" elements="11" coveredelements="9" complexity="0" loc="5" ncloc="5" packages="1" files="1" classes="1"/>
    <file name="script.js" path="C:\Users\A_M_B\Documents\Itla\Electiva 1\practica3-cicd-pipeline\script.js">
      <metrics statements="5" coveredstatements="4" conditionals="4" coveredconditionals="3" methods="2" coveredmethods="2"/>
      <line num="2" count="1" type="stmt"/>
      <line num="5" count="1" type="stmt"/>
      <line num="8" count="1" type="cond" truecount="3" falsecount="1"/>
      <line num="9" count="1" type="stmt"/>
      <line num="12" count="0" type="stmt"/>
    </file>
  </project>
</coverage>
