{"C:\\Users\\A_M_B\\Documents\\Itla\\Electiva 1\\practica3-cicd-pipeline\\script.js": {"path":"C:\\Users\\A_M_B\\Documents\\Itla\\Electiva 1\\practica3-cicd-pipeline\\script.js","statementMap":{"0":{"start":{"line":2,"column":2},"end":{"line":2,"column":77}},"1":{"start":{"line":5,"column":22},"end":{"line":5,"column":35}},"2":{"start":{"line":8,"column":0},"end":{"line":13,"column":1}},"3":{"start":{"line":9,"column":2},"end":{"line":9,"column":37}},"4":{"start":{"line":12,"column":2},"end":{"line":12,"column":12}}},"fnMap":{"0":{"name":"initApp","decl":{"start":{"line":1,"column":9},"end":{"line":1,"column":16}},"loc":{"start":{"line":1,"column":19},"end":{"line":3,"column":1}},"line":1},"1":{"name":"suma","decl":{"start":{"line":5,"column":9},"end":{"line":5,"column":13}},"loc":{"start":{"line":5,"column":20},"end":{"line":5,"column":37}},"line":5}},"branchMap":{"0":{"loc":{"start":{"line":8,"column":0},"end":{"line":13,"column":1}},"type":"if","locations":[{"start":{"line":8,"column":0},"end":{"line":13,"column":1}},{"start":{"line":10,"column":7},"end":{"line":13,"column":1}}],"line":8},"1":{"loc":{"start":{"line":8,"column":4},"end":{"line":8,"column":51}},"type":"binary-expr","locations":[{"start":{"line":8,"column":4},"end":{"line":8,"column":33}},{"start":{"line":8,"column":37},"end":{"line":8,"column":51}}],"line":8}},"s":{"0":1,"1":1,"2":1,"3":1,"4":0},"f":{"0":1,"1":1},"b":{"0":[1,0],"1":[1,1]},"_coverageSchema":"1a1c01bbd47fc00a2c39e90264f33305004495a9","hash":"5845640e9776594d62b1f4aedb6b8b19e21e2f38"}
}
